This file contains any messages produced by compilers while
running configure, to aid debugging if configure makes a mistake.

It was created by jellyfish configure 1.1.6, which was
generated by GNU Autoconf 2.69.  Invocation command line was

  $ ./configure --prefix=/home/macmanes/trinityseq/trunk/trinity-plugins/jellyfish

## --------- ##
## Platform. ##
## --------- ##

hostname = macmanes
uname -m = x86_64
uname -r = 3.5.0-17-generic
uname -s = Linux
uname -v = #28-Ubuntu SMP Tue Oct 9 19:31:23 UTC 2012

/usr/bin/uname -p = unknown
/bin/uname -X     = unknown

/bin/arch              = unknown
/usr/bin/arch -k       = unknown
/usr/convex/getsysinfo = unknown
/usr/bin/hostinfo      = unknown
/bin/machine           = unknown
/usr/bin/oslevel       = unknown
/bin/universe          = unknown

PATH: /usr/lib/lightdm/lightdm
PATH: /usr/local/sbin
PATH: /usr/local/bin
PATH: /usr/sbin
PATH: /usr/bin
PATH: /sbin
PATH: /bin
PATH: /usr/games
PATH: /usr/local/games
PATH: /home/macmanes/software
PATH: /home/macmanes/software/bin


## ----------- ##
## Core tests. ##
## ----------- ##

configure:2531: checking build system type
configure:2545: result: x86_64-unknown-linux-gnu
configure:2565: checking host system type
configure:2578: result: x86_64-unknown-linux-gnu
configure:2615: checking for a BSD-compatible install
configure:2683: result: /usr/bin/install -c
configure:2694: checking whether build environment is sane
configure:2744: result: yes
configure:2885: checking for a thread-safe mkdir -p
configure:2924: result: /bin/mkdir -p
configure:2937: checking for gawk
configure:2967: result: no
configure:2937: checking for mawk
configure:2953: found /usr/bin/mawk
configure:2964: result: mawk
configure:2975: checking whether make sets $(MAKE)
configure:2997: result: yes
configure:3149: checking for g++
configure:3165: found /usr/bin/g++
configure:3176: result: g++
configure:3203: checking for C++ compiler version
configure:3212: g++ --version >&5
g++ (Ubuntu/Linaro 4.7.2-2ubuntu1) 4.7.2
Copyright (C) 2012 Free Software Foundation, Inc.
This is free software; see the source for copying conditions.  There is NO
warranty; not even for MERCHANTABILITY or FITNESS FOR A PARTICULAR PURPOSE.

configure:3223: $? = 0
configure:3212: g++ -v >&5
Using built-in specs.
COLLECT_GCC=g++
COLLECT_LTO_WRAPPER=/usr/lib/gcc/x86_64-linux-gnu/4.7/lto-wrapper
Target: x86_64-linux-gnu
Configured with: ../src/configure -v --with-pkgversion='Ubuntu/Linaro 4.7.2-2ubuntu1' --with-bugurl=file:///usr/share/doc/gcc-4.7/README.Bugs --enable-languages=c,c++,go,fortran,objc,obj-c++ --prefix=/usr --program-suffix=-4.7 --enable-shared --enable-linker-build-id --with-system-zlib --libexecdir=/usr/lib --without-included-gettext --enable-threads=posix --with-gxx-include-dir=/usr/include/c++/4.7 --libdir=/usr/lib --enable-nls --with-sysroot=/ --enable-clocale=gnu --enable-libstdcxx-debug --enable-libstdcxx-time=yes --enable-gnu-unique-object --enable-plugin --enable-objc-gc --disable-werror --with-arch-32=i686 --with-tune=generic --enable-checking=release --build=x86_64-linux-gnu --host=x86_64-linux-gnu --target=x86_64-linux-gnu
Thread model: posix
gcc version 4.7.2 (Ubuntu/Linaro 4.7.2-2ubuntu1) 
configure:3223: $? = 0
configure:3212: g++ -V >&5
g++: error: unrecognized command line option '-V'
g++: fatal error: no input files
compilation terminated.
configure:3223: $? = 4
configure:3212: g++ -qversion >&5
g++: error: unrecognized command line option '-qversion'
g++: fatal error: no input files
compilation terminated.
configure:3223: $? = 4
configure:3243: checking whether the C++ compiler works
configure:3265: g++    conftest.cpp  >&5
configure:3269: $? = 0
configure:3317: result: yes
configure:3320: checking for C++ compiler default output file name
configure:3322: result: a.out
configure:3328: checking for suffix of executables
configure:3335: g++ -o conftest    conftest.cpp  >&5
configure:3339: $? = 0
configure:3361: result: 
configure:3383: checking whether we are cross compiling
configure:3391: g++ -o conftest    conftest.cpp  >&5
configure:3395: $? = 0
configure:3402: ./conftest
configure:3406: $? = 0
configure:3421: result: no
configure:3426: checking for suffix of object files
configure:3448: g++ -c   conftest.cpp >&5
configure:3452: $? = 0
configure:3473: result: o
configure:3477: checking whether we are using the GNU C++ compiler
configure:3496: g++ -c   conftest.cpp >&5
configure:3496: $? = 0
configure:3505: result: yes
configure:3514: checking whether g++ accepts -g
configure:3534: g++ -c -g  conftest.cpp >&5
configure:3534: $? = 0
configure:3575: result: yes
configure:3609: checking for style of include used by make
configure:3637: result: GNU
configure:3662: checking dependency style of g++
configure:3772: result: gcc3
configure:3800: checking for md5sum
configure:3816: found /usr/bin/md5sum
configure:3827: result: md5sum
configure:3955: checking for gcc
configure:3971: found /usr/bin/gcc
configure:3982: result: gcc
configure:4211: checking for C compiler version
configure:4220: gcc --version >&5
gcc (Ubuntu/Linaro 4.7.2-2ubuntu1) 4.7.2
Copyright (C) 2012 Free Software Foundation, Inc.
This is free software; see the source for copying conditions.  There is NO
warranty; not even for MERCHANTABILITY or FITNESS FOR A PARTICULAR PURPOSE.

configure:4231: $? = 0
configure:4220: gcc -v >&5
Using built-in specs.
COLLECT_GCC=gcc
COLLECT_LTO_WRAPPER=/usr/lib/gcc/x86_64-linux-gnu/4.7/lto-wrapper
Target: x86_64-linux-gnu
Configured with: ../src/configure -v --with-pkgversion='Ubuntu/Linaro 4.7.2-2ubuntu1' --with-bugurl=file:///usr/share/doc/gcc-4.7/README.Bugs --enable-languages=c,c++,go,fortran,objc,obj-c++ --prefix=/usr --program-suffix=-4.7 --enable-shared --enable-linker-build-id --with-system-zlib --libexecdir=/usr/lib --without-included-gettext --enable-threads=posix --with-gxx-include-dir=/usr/include/c++/4.7 --libdir=/usr/lib --enable-nls --with-sysroot=/ --enable-clocale=gnu --enable-libstdcxx-debug --enable-libstdcxx-time=yes --enable-gnu-unique-object --enable-plugin --enable-objc-gc --disable-werror --with-arch-32=i686 --with-tune=generic --enable-checking=release --build=x86_64-linux-gnu --host=x86_64-linux-gnu --target=x86_64-linux-gnu
Thread model: posix
gcc version 4.7.2 (Ubuntu/Linaro 4.7.2-2ubuntu1) 
configure:4231: $? = 0
configure:4220: gcc -V >&5
gcc: error: unrecognized command line option '-V'
gcc: fatal error: no input files
compilation terminated.
configure:4231: $? = 4
configure:4220: gcc -qversion >&5
gcc: error: unrecognized command line option '-qversion'
gcc: fatal error: no input files
compilation terminated.
configure:4231: $? = 4
configure:4235: checking whether we are using the GNU C compiler
configure:4254: gcc -c   conftest.c >&5
configure:4254: $? = 0
configure:4263: result: yes
configure:4272: checking whether gcc accepts -g
configure:4292: gcc -c -g  conftest.c >&5
configure:4292: $? = 0
configure:4333: result: yes
configure:4350: checking for gcc option to accept ISO C89
configure:4413: gcc  -c -g -O2  conftest.c >&5
configure:4413: $? = 0
configure:4426: result: none needed
configure:4448: checking dependency style of gcc
configure:4558: result: gcc3
configure:4579: checking how to run the C preprocessor
configure:4610: gcc -E  conftest.c
configure:4610: $? = 0
configure:4624: gcc -E  conftest.c
conftest.c:11:28: fatal error: ac_nonexistent.h: No such file or directory
compilation terminated.
configure:4624: $? = 1
configure: failed program was:
| /* confdefs.h */
| #define PACKAGE_NAME "jellyfish"
| #define PACKAGE_TARNAME "jellyfish"
| #define PACKAGE_VERSION "1.1.6"
| #define PACKAGE_STRING "jellyfish 1.1.6"
| #define PACKAGE_BUGREPORT "gmarcais@umd.edu"
| #define PACKAGE_URL ""
| #define PACKAGE "jellyfish"
| #define VERSION "1.1.6"
| /* end confdefs.h.  */
| #include <ac_nonexistent.h>
configure:4649: result: gcc -E
configure:4669: gcc -E  conftest.c
configure:4669: $? = 0
configure:4683: gcc -E  conftest.c
conftest.c:11:28: fatal error: ac_nonexistent.h: No such file or directory
compilation terminated.
configure:4683: $? = 1
configure: failed program was:
| /* confdefs.h */
| #define PACKAGE_NAME "jellyfish"
| #define PACKAGE_TARNAME "jellyfish"
| #define PACKAGE_VERSION "1.1.6"
| #define PACKAGE_STRING "jellyfish 1.1.6"
| #define PACKAGE_BUGREPORT "gmarcais@umd.edu"
| #define PACKAGE_URL ""
| #define PACKAGE "jellyfish"
| #define VERSION "1.1.6"
| /* end confdefs.h.  */
| #include <ac_nonexistent.h>
configure:4712: checking for grep that handles long lines and -e
configure:4770: result: /bin/grep
configure:4775: checking for egrep
configure:4837: result: /bin/grep -E
configure:4842: checking for ANSI C header files
configure:4862: gcc -c -g -O2  conftest.c >&5
configure:4862: $? = 0
configure:4935: gcc -o conftest -g -O2   conftest.c  >&5
configure:4935: $? = 0
configure:4935: ./conftest
configure:4935: $? = 0
configure:4946: result: yes
configure:4959: checking for sys/types.h
configure:4959: gcc -c -g -O2  conftest.c >&5
configure:4959: $? = 0
configure:4959: result: yes
configure:4959: checking for sys/stat.h
configure:4959: gcc -c -g -O2  conftest.c >&5
configure:4959: $? = 0
configure:4959: result: yes
configure:4959: checking for stdlib.h
configure:4959: gcc -c -g -O2  conftest.c >&5
configure:4959: $? = 0
configure:4959: result: yes
configure:4959: checking for string.h
configure:4959: gcc -c -g -O2  conftest.c >&5
configure:4959: $? = 0
configure:4959: result: yes
configure:4959: checking for memory.h
configure:4959: gcc -c -g -O2  conftest.c >&5
configure:4959: $? = 0
configure:4959: result: yes
configure:4959: checking for strings.h
configure:4959: gcc -c -g -O2  conftest.c >&5
configure:4959: $? = 0
configure:4959: result: yes
configure:4959: checking for inttypes.h
configure:4959: gcc -c -g -O2  conftest.c >&5
configure:4959: $? = 0
configure:4959: result: yes
configure:4959: checking for stdint.h
configure:4959: gcc -c -g -O2  conftest.c >&5
configure:4959: $? = 0
configure:4959: result: yes
configure:4959: checking for unistd.h
configure:4959: gcc -c -g -O2  conftest.c >&5
configure:4959: $? = 0
configure:4959: result: yes
configure:4971: checking for __int128
configure:4971: gcc -c -g -O2  conftest.c >&5
configure:4971: $? = 0
configure:4971: gcc -c -g -O2  conftest.c >&5
conftest.c: In function 'main':
conftest.c:57:23: error: expected expression before ')' token
configure:4971: $? = 1
configure: failed program was:
| /* confdefs.h */
| #define PACKAGE_NAME "jellyfish"
| #define PACKAGE_TARNAME "jellyfish"
| #define PACKAGE_VERSION "1.1.6"
| #define PACKAGE_STRING "jellyfish 1.1.6"
| #define PACKAGE_BUGREPORT "gmarcais@umd.edu"
| #define PACKAGE_URL ""
| #define PACKAGE "jellyfish"
| #define VERSION "1.1.6"
| #define STDC_HEADERS 1
| #define HAVE_SYS_TYPES_H 1
| #define HAVE_SYS_STAT_H 1
| #define HAVE_STDLIB_H 1
| #define HAVE_STRING_H 1
| #define HAVE_MEMORY_H 1
| #define HAVE_STRINGS_H 1
| #define HAVE_INTTYPES_H 1
| #define HAVE_STDINT_H 1
| #define HAVE_UNISTD_H 1
| /* end confdefs.h.  */
| #include <stdio.h>
| #ifdef HAVE_SYS_TYPES_H
| # include <sys/types.h>
| #endif
| #ifdef HAVE_SYS_STAT_H
| # include <sys/stat.h>
| #endif
| #ifdef STDC_HEADERS
| # include <stdlib.h>
| # include <stddef.h>
| #else
| # ifdef HAVE_STDLIB_H
| #  include <stdlib.h>
| # endif
| #endif
| #ifdef HAVE_STRING_H
| # if !defined STDC_HEADERS && defined HAVE_MEMORY_H
| #  include <memory.h>
| # endif
| # include <string.h>
| #endif
| #ifdef HAVE_STRINGS_H
| # include <strings.h>
| #endif
| #ifdef HAVE_INTTYPES_H
| # include <inttypes.h>
| #endif
| #ifdef HAVE_STDINT_H
| # include <stdint.h>
| #endif
| #ifdef HAVE_UNISTD_H
| # include <unistd.h>
| #endif
| int
| main ()
| {
| if (sizeof ((__int128)))
| 	    return 0;
|   ;
|   return 0;
| }
configure:4971: result: yes
configure:4981: checking whether strerror_r is declared
configure:4981: gcc -c -g -O2  conftest.c >&5
configure:4981: $? = 0
configure:4981: result: yes
configure:4994: checking for strerror_r
configure:4994: gcc -o conftest -g -O2   conftest.c  >&5
configure:4994: $? = 0
configure:4994: result: yes
configure:5003: checking whether strerror_r returns char *
configure:5027: gcc -c -g -O2  conftest.c >&5
conftest.c: In function 'main':
conftest.c:62:13: error: invalid type argument of unary '*' (have 'int')
conftest.c:63:14: warning: initialization makes pointer from integer without a cast [enabled by default]
configure:5027: $? = 1
configure: failed program was:
| /* confdefs.h */
| #define PACKAGE_NAME "jellyfish"
| #define PACKAGE_TARNAME "jellyfish"
| #define PACKAGE_VERSION "1.1.6"
| #define PACKAGE_STRING "jellyfish 1.1.6"
| #define PACKAGE_BUGREPORT "gmarcais@umd.edu"
| #define PACKAGE_URL ""
| #define PACKAGE "jellyfish"
| #define VERSION "1.1.6"
| #define STDC_HEADERS 1
| #define HAVE_SYS_TYPES_H 1
| #define HAVE_SYS_STAT_H 1
| #define HAVE_STDLIB_H 1
| #define HAVE_STRING_H 1
| #define HAVE_MEMORY_H 1
| #define HAVE_STRINGS_H 1
| #define HAVE_INTTYPES_H 1
| #define HAVE_STDINT_H 1
| #define HAVE_UNISTD_H 1
| #define HAVE_INT128 1
| #define HAVE_DECL_STRERROR_R 1
| #define HAVE_STRERROR_R 1
| /* end confdefs.h.  */
| #include <stdio.h>
| #ifdef HAVE_SYS_TYPES_H
| # include <sys/types.h>
| #endif
| #ifdef HAVE_SYS_STAT_H
| # include <sys/stat.h>
| #endif
| #ifdef STDC_HEADERS
| # include <stdlib.h>
| # include <stddef.h>
| #else
| # ifdef HAVE_STDLIB_H
| #  include <stdlib.h>
| # endif
| #endif
| #ifdef HAVE_STRING_H
| # if !defined STDC_HEADERS && defined HAVE_MEMORY_H
| #  include <memory.h>
| # endif
| # include <string.h>
| #endif
| #ifdef HAVE_STRINGS_H
| # include <strings.h>
| #endif
| #ifdef HAVE_INTTYPES_H
| # include <inttypes.h>
| #endif
| #ifdef HAVE_STDINT_H
| # include <stdint.h>
| #endif
| #ifdef HAVE_UNISTD_H
| # include <unistd.h>
| #endif
| int
| main ()
| {
| 
| 	  char buf[100];
| 	  char x = *strerror_r (0, buf, sizeof buf);
| 	  char *p = strerror_r (0, buf, sizeof buf);
| 	  return !p || x;
| 
|   ;
|   return 0;
| }
configure:5065: result: no
configure:5076: checking execinfo.h usability
configure:5076: gcc -c -g -O2  conftest.c >&5
configure:5076: $? = 0
configure:5076: result: yes
configure:5076: checking execinfo.h presence
configure:5076: gcc -E  conftest.c
configure:5076: $? = 0
configure:5076: result: yes
configure:5076: checking for execinfo.h
configure:5076: result: yes
configure:5087: checking for siginfo_t.si_int
configure:5087: gcc -c -g -O2  conftest.c >&5
configure:5087: $? = 0
configure:5087: result: yes
configure:5142: checking how to print strings
configure:5169: result: printf
configure:5190: checking for a sed that does not truncate output
configure:5254: result: /bin/sed
configure:5272: checking for fgrep
configure:5334: result: /bin/grep -F
configure:5369: checking for ld used by gcc
configure:5436: result: /usr/bin/ld
configure:5443: checking if the linker (/usr/bin/ld) is GNU ld
configure:5458: result: yes
configure:5470: checking for BSD- or MS-compatible name lister (nm)
configure:5519: result: /usr/bin/nm -B
configure:5649: checking the name lister (/usr/bin/nm -B) interface
configure:5656: gcc -c -g -O2  conftest.c >&5
configure:5659: /usr/bin/nm -B "conftest.o"
configure:5662: output
0000000000000000 B some_variable
configure:5669: result: BSD nm
configure:5672: checking whether ln -s works
configure:5676: result: yes
configure:5684: checking the maximum length of command line arguments
configure:5814: result: 3458764513820540925
configure:5831: checking whether the shell understands some XSI constructs
configure:5841: result: yes
configure:5845: checking whether the shell understands "+="
configure:5851: result: yes
configure:5886: checking how to convert x86_64-unknown-linux-gnu file names to x86_64-unknown-linux-gnu format
configure:5926: result: func_convert_file_noop
configure:5933: checking how to convert x86_64-unknown-linux-gnu file names to toolchain format
configure:5953: result: func_convert_file_noop
configure:5960: checking for /usr/bin/ld option to reload object files
configure:5967: result: -r
configure:6041: checking for objdump
configure:6057: found /usr/bin/objdump
configure:6068: result: objdump
configure:6100: checking how to recognize dependent libraries
configure:6302: result: pass_all
configure:6387: checking for dlltool
configure:6417: result: no
configure:6447: checking how to associate runtime and link libraries
configure:6474: result: printf %s\n
configure:6534: checking for ar
configure:6550: found /usr/bin/ar
configure:6561: result: ar
configure:6598: checking for archiver @FILE support
configure:6615: gcc -c -g -O2  conftest.c >&5
configure:6615: $? = 0
configure:6618: ar cru libconftest.a @conftest.lst >&5
configure:6621: $? = 0
configure:6626: ar cru libconftest.a @conftest.lst >&5
ar: conftest.o: No such file or directory
configure:6629: $? = 1
configure:6641: result: @
configure:6699: checking for strip
configure:6715: found /usr/bin/strip
configure:6726: result: strip
configure:6798: checking for ranlib
configure:6814: found /usr/bin/ranlib
configure:6825: result: ranlib
configure:6927: checking command to parse /usr/bin/nm -B output from gcc object
configure:7047: gcc -c -g -O2  conftest.c >&5
configure:7050: $? = 0
configure:7054: /usr/bin/nm -B conftest.o \| sed -n -e 's/^.*[ ]\([ABCDGIRSTW][ABCDGIRSTW]*\)[ ][ ]*\([_A-Za-z][_A-Za-z0-9]*\)$/\1 \2 \2/p' | sed '/ __gnu_lto/d' \> conftest.nm
configure:7057: $? = 0
configure:7123: gcc -o conftest -g -O2   conftest.c conftstm.o >&5
configure:7126: $? = 0
configure:7164: result: ok
configure:7201: checking for sysroot
configure:7231: result: no
configure:7308: gcc -c -g -O2  conftest.c >&5
configure:7311: $? = 0
configure:7487: checking for mt
configure:7503: found /bin/mt
configure:7514: result: mt
configure:7537: checking if mt is a manifest tool
configure:7543: mt '-?'
configure:7551: result: no
configure:8190: checking for dlfcn.h
configure:8190: gcc -c -g -O2  conftest.c >&5
configure:8190: $? = 0
configure:8190: result: yes
configure:8407: checking for objdir
configure:8422: result: .libs
configure:8693: checking if gcc supports -fno-rtti -fno-exceptions
configure:8711: gcc -c -g -O2  -fno-rtti -fno-exceptions conftest.c >&5
cc1: warning: command line option '-fno-rtti' is valid for C++/ObjC++ but not for C [enabled by default]
configure:8715: $? = 0
configure:8728: result: no
configure:9055: checking for gcc option to produce PIC
configure:9062: result: -fPIC -DPIC
configure:9070: checking if gcc PIC flag -fPIC -DPIC works
configure:9088: gcc -c -g -O2  -fPIC -DPIC -DPIC conftest.c >&5
configure:9092: $? = 0
configure:9105: result: yes
configure:9134: checking if gcc static flag -static works
configure:9162: result: yes
configure:9177: checking if gcc supports -c -o file.o
configure:9198: gcc -c -g -O2  -o out/conftest2.o conftest.c >&5
configure:9202: $? = 0
configure:9224: result: yes
configure:9232: checking if gcc supports -c -o file.o
configure:9279: result: yes
configure:9312: checking whether the gcc linker (/usr/bin/ld -m elf_x86_64) supports shared libraries
configure:10465: result: yes
configure:10502: checking whether -lc should be explicitly linked in
configure:10510: gcc -c -g -O2  conftest.c >&5
configure:10513: $? = 0
configure:10528: gcc -shared  -fPIC -DPIC conftest.o  -v -Wl,-soname -Wl,conftest -o conftest 2\>\&1 \| /bin/grep  -lc  \>/dev/null 2\>\&1
configure:10531: $? = 0
configure:10545: result: no
configure:10705: checking dynamic linker characteristics
configure:11216: gcc -o conftest -g -O2   -Wl,-rpath -Wl,/foo conftest.c  >&5
configure:11216: $? = 0
configure:11438: result: GNU/Linux ld.so
configure:11545: checking how to hardcode library paths into programs
configure:11570: result: immediate
configure:12110: checking whether stripping libraries is possible
configure:12115: result: yes
configure:12150: checking if libtool supports shared libraries
configure:12152: result: yes
configure:12155: checking whether to build shared libraries
configure:12176: result: yes
configure:12179: checking whether to build static libraries
configure:12183: result: yes
configure:12206: checking how to run the C++ preprocessor
configure:12233: g++ -E  conftest.cpp
configure:12233: $? = 0
configure:12247: g++ -E  conftest.cpp
conftest.cpp:28:28: fatal error: ac_nonexistent.h: No such file or directory
compilation terminated.
configure:12247: $? = 1
configure: failed program was:
| /* confdefs.h */
| #define PACKAGE_NAME "jellyfish"
| #define PACKAGE_TARNAME "jellyfish"
| #define PACKAGE_VERSION "1.1.6"
| #define PACKAGE_STRING "jellyfish 1.1.6"
| #define PACKAGE_BUGREPORT "gmarcais@umd.edu"
| #define PACKAGE_URL ""
| #define PACKAGE "jellyfish"
| #define VERSION "1.1.6"
| #define STDC_HEADERS 1
| #define HAVE_SYS_TYPES_H 1
| #define HAVE_SYS_STAT_H 1
| #define HAVE_STDLIB_H 1
| #define HAVE_STRING_H 1
| #define HAVE_MEMORY_H 1
| #define HAVE_STRINGS_H 1
| #define HAVE_INTTYPES_H 1
| #define HAVE_STDINT_H 1
| #define HAVE_UNISTD_H 1
| #define HAVE_INT128 1
| #define HAVE_DECL_STRERROR_R 1
| #define HAVE_STRERROR_R 1
| #define HAVE_EXECINFO_H 1
| #define HAVE_SI_INT 1
| #define HAVE_DLFCN_H 1
| #define LT_OBJDIR ".libs/"
| /* end confdefs.h.  */
| #include <ac_nonexistent.h>
configure:12272: result: g++ -E
configure:12292: g++ -E  conftest.cpp
configure:12292: $? = 0
configure:12306: g++ -E  conftest.cpp
conftest.cpp:28:28: fatal error: ac_nonexistent.h: No such file or directory
compilation terminated.
configure:12306: $? = 1
configure: failed program was:
| /* confdefs.h */
| #define PACKAGE_NAME "jellyfish"
| #define PACKAGE_TARNAME "jellyfish"
| #define PACKAGE_VERSION "1.1.6"
| #define PACKAGE_STRING "jellyfish 1.1.6"
| #define PACKAGE_BUGREPORT "gmarcais@umd.edu"
| #define PACKAGE_URL ""
| #define PACKAGE "jellyfish"
| #define VERSION "1.1.6"
| #define STDC_HEADERS 1
| #define HAVE_SYS_TYPES_H 1
| #define HAVE_SYS_STAT_H 1
| #define HAVE_STDLIB_H 1
| #define HAVE_STRING_H 1
| #define HAVE_MEMORY_H 1
| #define HAVE_STRINGS_H 1
| #define HAVE_INTTYPES_H 1
| #define HAVE_STDINT_H 1
| #define HAVE_UNISTD_H 1
| #define HAVE_INT128 1
| #define HAVE_DECL_STRERROR_R 1
| #define HAVE_STRERROR_R 1
| #define HAVE_EXECINFO_H 1
| #define HAVE_SI_INT 1
| #define HAVE_DLFCN_H 1
| #define LT_OBJDIR ".libs/"
| /* end confdefs.h.  */
| #include <ac_nonexistent.h>
configure:12475: checking for ld used by g++
configure:12542: result: /usr/bin/ld -m elf_x86_64
configure:12549: checking if the linker (/usr/bin/ld -m elf_x86_64) is GNU ld
configure:12564: result: yes
configure:12619: checking whether the g++ linker (/usr/bin/ld -m elf_x86_64) supports shared libraries
configure:13624: result: yes
configure:13660: g++ -c   conftest.cpp >&5
configure:13663: $? = 0
configure:14183: checking for g++ option to produce PIC
configure:14190: result: -fPIC -DPIC
configure:14198: checking if g++ PIC flag -fPIC -DPIC works
configure:14216: g++ -c   -fPIC -DPIC -DPIC conftest.cpp >&5
configure:14220: $? = 0
configure:14233: result: yes
configure:14256: checking if g++ static flag -static works
configure:14284: result: yes
configure:14296: checking if g++ supports -c -o file.o
configure:14317: g++ -c   -o out/conftest2.o conftest.cpp >&5
configure:14321: $? = 0
configure:14343: result: yes
configure:14348: checking if g++ supports -c -o file.o
configure:14395: result: yes
configure:14425: checking whether the g++ linker (/usr/bin/ld -m elf_x86_64) supports shared libraries
configure:14461: result: yes
configure:14602: checking dynamic linker characteristics
configure:15269: result: GNU/Linux ld.so
configure:15322: checking how to hardcode library paths into programs
configure:15347: result: immediate
configure:15542: creating ./config.status

## ---------------------- ##
## Running config.status. ##
## ---------------------- ##

This file was extended by jellyfish config.status 1.1.6, which was
generated by GNU Autoconf 2.69.  Invocation command line was

  CONFIG_FILES    = 
  CONFIG_HEADERS  = 
  CONFIG_LINKS    = 
  CONFIG_COMMANDS = 
  $ ./config.status 

on macmanes

config.status:1148: creating Makefile
config.status:1148: creating tests/compat.sh
config.status:1148: creating jellyfish-1.1.pc
config.status:1148: creating config.h
config.status:1329: config.h is unchanged
config.status:1377: executing depfiles commands
config.status:1377: executing libtool commands

## ---------------- ##
## Cache variables. ##
## ---------------- ##

ac_cv_build=x86_64-unknown-linux-gnu
ac_cv_c_compiler_gnu=yes
ac_cv_cxx_compiler_gnu=yes
ac_cv_env_CCC_set=
ac_cv_env_CCC_value=
ac_cv_env_CC_set=
ac_cv_env_CC_value=
ac_cv_env_CFLAGS_set=
ac_cv_env_CFLAGS_value=
ac_cv_env_CPPFLAGS_set=
ac_cv_env_CPPFLAGS_value=
ac_cv_env_CPP_set=
ac_cv_env_CPP_value=
ac_cv_env_CXXCPP_set=
ac_cv_env_CXXCPP_value=
ac_cv_env_CXXFLAGS_set=
ac_cv_env_CXXFLAGS_value=
ac_cv_env_CXX_set=
ac_cv_env_CXX_value=
ac_cv_env_LDFLAGS_set=
ac_cv_env_LDFLAGS_value=
ac_cv_env_LIBS_set=
ac_cv_env_LIBS_value=
ac_cv_env_MD5_set=
ac_cv_env_MD5_value=
ac_cv_env_build_alias_set=
ac_cv_env_build_alias_value=
ac_cv_env_host_alias_set=
ac_cv_env_host_alias_value=
ac_cv_env_target_alias_set=
ac_cv_env_target_alias_value=
ac_cv_func_strerror_r=yes
ac_cv_func_strerror_r_char_p=no
ac_cv_have_decl_strerror_r=yes
ac_cv_header_dlfcn_h=yes
ac_cv_header_execinfo_h=yes
ac_cv_header_inttypes_h=yes
ac_cv_header_memory_h=yes
ac_cv_header_stdc=yes
ac_cv_header_stdint_h=yes
ac_cv_header_stdlib_h=yes
ac_cv_header_string_h=yes
ac_cv_header_strings_h=yes
ac_cv_header_sys_stat_h=yes
ac_cv_header_sys_types_h=yes
ac_cv_header_unistd_h=yes
ac_cv_host=x86_64-unknown-linux-gnu
ac_cv_member_siginfo_t_si_int=yes
ac_cv_objext=o
ac_cv_path_EGREP='/bin/grep -E'
ac_cv_path_FGREP='/bin/grep -F'
ac_cv_path_GREP=/bin/grep
ac_cv_path_SED=/bin/sed
ac_cv_path_install='/usr/bin/install -c'
ac_cv_path_mkdir=/bin/mkdir
ac_cv_prog_AWK=mawk
ac_cv_prog_CPP='gcc -E'
ac_cv_prog_CXXCPP='g++ -E'
ac_cv_prog_MD5=md5sum
ac_cv_prog_ac_ct_AR=ar
ac_cv_prog_ac_ct_CC=gcc
ac_cv_prog_ac_ct_CXX=g++
ac_cv_prog_ac_ct_MANIFEST_TOOL=mt
ac_cv_prog_ac_ct_OBJDUMP=objdump
ac_cv_prog_ac_ct_RANLIB=ranlib
ac_cv_prog_ac_ct_STRIP=strip
ac_cv_prog_cc_c89=
ac_cv_prog_cc_g=yes
ac_cv_prog_cxx_g=yes
ac_cv_prog_make_make_set=yes
ac_cv_type___int128=yes
am_cv_CC_dependencies_compiler_type=gcc3
am_cv_CXX_dependencies_compiler_type=gcc3
lt_cv_ar_at_file=@
lt_cv_archive_cmds_need_lc=no
lt_cv_deplibs_check_method=pass_all
lt_cv_file_magic_cmd='$MAGIC_CMD'
lt_cv_file_magic_test_file=
lt_cv_ld_reload_flag=-r
lt_cv_nm_interface='BSD nm'
lt_cv_objdir=.libs
lt_cv_path_LD=/usr/bin/ld
lt_cv_path_LDCXX='/usr/bin/ld -m elf_x86_64'
lt_cv_path_NM='/usr/bin/nm -B'
lt_cv_path_mainfest_tool=no
lt_cv_prog_compiler_c_o=yes
lt_cv_prog_compiler_c_o_CXX=yes
lt_cv_prog_compiler_pic='-fPIC -DPIC'
lt_cv_prog_compiler_pic_CXX='-fPIC -DPIC'
lt_cv_prog_compiler_pic_works=yes
lt_cv_prog_compiler_pic_works_CXX=yes
lt_cv_prog_compiler_rtti_exceptions=no
lt_cv_prog_compiler_static_works=yes
lt_cv_prog_compiler_static_works_CXX=yes
lt_cv_prog_gnu_ld=yes
lt_cv_prog_gnu_ldcxx=yes
lt_cv_sharedlib_from_linklib_cmd='printf %s\n'
lt_cv_shlibpath_overrides_runpath=no
lt_cv_sys_global_symbol_pipe='sed -n -e '\''s/^.*[	 ]\([ABCDGIRSTW][ABCDGIRSTW]*\)[	 ][	 ]*\([_A-Za-z][_A-Za-z0-9]*\)$/\1 \2 \2/p'\'' | sed '\''/ __gnu_lto/d'\'''
lt_cv_sys_global_symbol_to_c_name_address='sed -n -e '\''s/^: \([^ ]*\)[ ]*$/  {\"\1\", (void *) 0},/p'\'' -e '\''s/^[ABCDGIRSTW]* \([^ ]*\) \([^ ]*\)$/  {"\2", (void *) \&\2},/p'\'''
lt_cv_sys_global_symbol_to_c_name_address_lib_prefix='sed -n -e '\''s/^: \([^ ]*\)[ ]*$/  {\"\1\", (void *) 0},/p'\'' -e '\''s/^[ABCDGIRSTW]* \([^ ]*\) \(lib[^ ]*\)$/  {"\2", (void *) \&\2},/p'\'' -e '\''s/^[ABCDGIRSTW]* \([^ ]*\) \([^ ]*\)$/  {"lib\2", (void *) \&\2},/p'\'''
lt_cv_sys_global_symbol_to_cdecl='sed -n -e '\''s/^T .* \(.*\)$/extern int \1();/p'\'' -e '\''s/^[ABCDGIRSTW]* .* \(.*\)$/extern char \1;/p'\'''
lt_cv_sys_max_cmd_len=3458764513820540925
lt_cv_to_host_file_cmd=func_convert_file_noop
lt_cv_to_tool_file_cmd=func_convert_file_noop

## ----------------- ##
## Output variables. ##
## ----------------- ##

ACLOCAL='${SHELL} /home/macmanes/trinityseq/trunk/trinity-plugins/jellyfish/missing --run aclocal-1.11'
AMDEPBACKSLASH='\'
AMDEP_FALSE='#'
AMDEP_TRUE=''
AMTAR='${SHELL} /home/macmanes/trinityseq/trunk/trinity-plugins/jellyfish/missing --run tar'
AM_BACKSLASH='\'
AM_DEFAULT_VERBOSITY='0'
AR='ar'
AUTOCONF='${SHELL} /home/macmanes/trinityseq/trunk/trinity-plugins/jellyfish/missing --run autoconf'
AUTOHEADER='${SHELL} /home/macmanes/trinityseq/trunk/trinity-plugins/jellyfish/missing --run autoheader'
AUTOMAKE='${SHELL} /home/macmanes/trinityseq/trunk/trinity-plugins/jellyfish/missing --run automake-1.11'
AWK='mawk'
CC='gcc'
CCDEPMODE='depmode=gcc3'
CFLAGS='-g -O2'
CPP='gcc -E'
CPPFLAGS=''
CXX='g++'
CXXCPP='g++ -E'
CXXDEPMODE='depmode=gcc3'
CXXFLAGS=''
CYGPATH_W='echo'
DEFS='-DHAVE_CONFIG_H'
DEPDIR='.deps'
DLLTOOL='false'
DSYMUTIL=''
DUMPBIN=''
ECHO_C=''
ECHO_N='-n'
ECHO_T=''
EGREP='/bin/grep -E'
EXEEXT=''
FGREP='/bin/grep -F'
GREP='/bin/grep'
INSTALL_DATA='${INSTALL} -m 644'
INSTALL_PROGRAM='${INSTALL}'
INSTALL_SCRIPT='${INSTALL}'
INSTALL_STRIP_PROGRAM='$(install_sh) -c -s'
LD='/usr/bin/ld -m elf_x86_64'
LDFLAGS=''
LIBOBJS=''
LIBS=''
LIBTOOL='$(SHELL) $(top_builddir)/libtool'
LIPO=''
LN_S='ln -s'
LTLIBOBJS=''
MAKEINFO='${SHELL} /home/macmanes/trinityseq/trunk/trinity-plugins/jellyfish/missing --run makeinfo'
MANIFEST_TOOL=':'
MD5='md5sum'
MKDIR_P='/bin/mkdir -p'
NM='/usr/bin/nm -B'
NMEDIT=''
OBJDUMP='objdump'
OBJEXT='o'
OTOOL64=''
OTOOL=''
PACKAGE='jellyfish'
PACKAGE_BUGREPORT='gmarcais@umd.edu'
PACKAGE_NAME='jellyfish'
PACKAGE_STRING='jellyfish 1.1.6'
PACKAGE_TARNAME='jellyfish'
PACKAGE_URL=''
PACKAGE_VERSION='1.1.6'
PATH_SEPARATOR=':'
RANLIB='ranlib'
SED='/bin/sed'
SET_MAKE=''
SHELL='/bin/bash'
STRIP='strip'
VERSION='1.1.6'
ac_ct_AR='ar'
ac_ct_CC='gcc'
ac_ct_CXX='g++'
ac_ct_DUMPBIN=''
am__EXEEXT_FALSE=''
am__EXEEXT_TRUE='#'
am__fastdepCC_FALSE='#'
am__fastdepCC_TRUE=''
am__fastdepCXX_FALSE='#'
am__fastdepCXX_TRUE=''
am__include='include'
am__isrc=''
am__leading_dot='.'
am__quote=''
am__tar='${AMTAR} chof - "$$tardir"'
am__untar='${AMTAR} xf -'
bindir='${exec_prefix}/bin'
build='x86_64-unknown-linux-gnu'
build_alias=''
build_cpu='x86_64'
build_os='linux-gnu'
build_vendor='unknown'
datadir='${datarootdir}'
datarootdir='${prefix}/share'
docdir='${datarootdir}/doc/${PACKAGE_TARNAME}'
dvidir='${docdir}'
exec_prefix='${prefix}'
host='x86_64-unknown-linux-gnu'
host_alias=''
host_cpu='x86_64'
host_os='linux-gnu'
host_vendor='unknown'
htmldir='${docdir}'
includedir='${prefix}/include'
infodir='${datarootdir}/info'
install_sh='${SHELL} /home/macmanes/trinityseq/trunk/trinity-plugins/jellyfish/install-sh'
libdir='${exec_prefix}/lib'
libexecdir='${exec_prefix}/libexec'
localedir='${datarootdir}/locale'
localstatedir='${prefix}/var'
mandir='${datarootdir}/man'
mkdir_p='/bin/mkdir -p'
oldincludedir='/usr/include'
pdfdir='${docdir}'
prefix='/home/macmanes/trinityseq/trunk/trinity-plugins/jellyfish'
program_transform_name='s,x,x,'
psdir='${docdir}'
sbindir='${exec_prefix}/sbin'
sharedstatedir='${prefix}/com'
sysconfdir='${prefix}/etc'
target_alias=''

## ----------- ##
## confdefs.h. ##
## ----------- ##

/* confdefs.h */
#define PACKAGE_NAME "jellyfish"
#define PACKAGE_TARNAME "jellyfish"
#define PACKAGE_VERSION "1.1.6"
#define PACKAGE_STRING "jellyfish 1.1.6"
#define PACKAGE_BUGREPORT "gmarcais@umd.edu"
#define PACKAGE_URL ""
#define PACKAGE "jellyfish"
#define VERSION "1.1.6"
#define STDC_HEADERS 1
#define HAVE_SYS_TYPES_H 1
#define HAVE_SYS_STAT_H 1
#define HAVE_STDLIB_H 1
#define HAVE_STRING_H 1
#define HAVE_MEMORY_H 1
#define HAVE_STRINGS_H 1
#define HAVE_INTTYPES_H 1
#define HAVE_STDINT_H 1
#define HAVE_UNISTD_H 1
#define HAVE_INT128 1
#define HAVE_DECL_STRERROR_R 1
#define HAVE_STRERROR_R 1
#define HAVE_EXECINFO_H 1
#define HAVE_SI_INT 1
#define HAVE_DLFCN_H 1
#define LT_OBJDIR ".libs/"

configure: exit 0
